<?xml version="1.0" encoding="UTF-8"?>
<!-- Generated by org.testng.reporters.JUnitReportReporter -->
<testsuite hostname="LAPTOP-ATS8OSTK" failures="0" tests="1" name="TestCase2" time="0.004" errors="0" timestamp="2022-02-12T10:58:32 AST" skipped="0">
  <testcase classname="TestCase2" name="test1" time="0.004"/>
  <system-out/>
</testsuite> <!-- TestCase2 -->
